{"C:\\Users\\Hp\\Desktop\\New folder (2)\\nod2\\db-connect.js": {"path":"C:\\Users\\Hp\\Desktop\\New folder (2)\\nod2\\db-connect.js","statementMap":{"0":{"start":{"line":1,"column":31},"end":{"line":1,"column":51}},"1":{"start":{"line":3,"column":18},"end":{"line":9,"column":2}},"2":{"start":{"line":11,"column":0},"end":{"line":18,"column":6}},"3":{"start":{"line":14,"column":8},"end":{"line":14,"column":52}},"4":{"start":{"line":17,"column":8},"end":{"line":17,"column":58}},"5":{"start":{"line":20,"column":0},"end":{"line":20,"column":28}}},"fnMap":{"0":{"name":"(anonymous_0)","decl":{"start":{"line":13,"column":10},"end":{"line":13,"column":11}},"loc":{"start":{"line":13,"column":16},"end":{"line":15,"column":5}},"line":13},"1":{"name":"(anonymous_1)","decl":{"start":{"line":16,"column":11},"end":{"line":16,"column":12}},"loc":{"start":{"line":16,"column":18},"end":{"line":18,"column":5}},"line":16}},"branchMap":{},"s":{"0":1,"1":1,"2":1,"3":1,"4":0,"5":1},"f":{"0":1,"1":0},"b":{},"_coverageSchema":"1a1c01bbd47fc00a2c39e90264f33305004495a9","hash":"5fd90d9efc0364898de50eb4254b2b29aa3247ce"}
,"C:\\Users\\Hp\\Desktop\\New folder (2)\\nod2\\index.js": {"path":"C:\\Users\\Hp\\Desktop\\New folder (2)\\nod2\\index.js","statementMap":{"0":{"start":{"line":1,"column":16},"end":{"line":1,"column":34}},"1":{"start":{"line":2,"column":12},"end":{"line":2,"column":21}},"2":{"start":{"line":3,"column":0},"end":{"line":3,"column":23}},"3":{"start":{"line":5,"column":15},"end":{"line":5,"column":44}},"4":{"start":{"line":6,"column":0},"end":{"line":6,"column":15}},"5":{"start":{"line":12,"column":0},"end":{"line":12,"column":21}}},"fnMap":{},"branchMap":{},"s":{"0":1,"1":1,"2":1,"3":1,"4":1,"5":1},"f":{},"b":{},"_coverageSchema":"1a1c01bbd47fc00a2c39e90264f33305004495a9","hash":"cd74ce93b0b33a24240d7a6b9e49fce87fd8a6ea"}
,"C:\\Users\\Hp\\Desktop\\New folder (2)\\nod2\\controller\\route.js": {"path":"C:\\Users\\Hp\\Desktop\\New folder (2)\\nod2\\controller\\route.js","statementMap":{"0":{"start":{"line":1,"column":16},"end":{"line":1,"column":34}},"1":{"start":{"line":2,"column":15},"end":{"line":2,"column":31}},"2":{"start":{"line":3,"column":19},"end":{"line":3,"column":60}},"3":{"start":{"line":6,"column":0},"end":{"line":6,"column":51}},"4":{"start":{"line":7,"column":0},"end":{"line":7,"column":47}},"5":{"start":{"line":8,"column":0},"end":{"line":8,"column":44}},"6":{"start":{"line":9,"column":0},"end":{"line":9,"column":47}},"7":{"start":{"line":10,"column":0},"end":{"line":10,"column":44}},"8":{"start":{"line":11,"column":0},"end":{"line":11,"column":41}},"9":{"start":{"line":13,"column":0},"end":{"line":13,"column":23}}},"fnMap":{},"branchMap":{},"s":{"0":1,"1":1,"2":1,"3":1,"4":1,"5":1,"6":1,"7":1,"8":1,"9":1},"f":{},"b":{},"_coverageSchema":"1a1c01bbd47fc00a2c39e90264f33305004495a9","hash":"3ccaa32364d1b7baa2eea84167adbfb96c3f2e64"}
,"C:\\Users\\Hp\\Desktop\\New folder (2)\\nod2\\dao\\operation.js": {"path":"C:\\Users\\Hp\\Desktop\\New folder (2)\\nod2\\dao\\operation.js","statementMap":{"0":{"start":{"line":1,"column":35},"end":{"line":1,"column":66}},"1":{"start":{"line":2,"column":22},"end":{"line":2,"column":42}},"2":{"start":{"line":3,"column":15},"end":{"line":3,"column":35}},"3":{"start":{"line":6,"column":20},"end":{"line":17,"column":1}},"4":{"start":{"line":7,"column":2},"end":{"line":16,"column":3}},"5":{"start":{"line":8,"column":17},"end":{"line":10,"column":6}},"6":{"start":{"line":11,"column":4},"end":{"line":11,"column":46}},"7":{"start":{"line":13,"column":4},"end":{"line":15,"column":58}},"8":{"start":{"line":21,"column":24},"end":{"line":33,"column":1}},"9":{"start":{"line":22,"column":2},"end":{"line":32,"column":3}},"10":{"start":{"line":23,"column":17},"end":{"line":26,"column":6}},"11":{"start":{"line":27,"column":4},"end":{"line":27,"column":46}},"12":{"start":{"line":29,"column":4},"end":{"line":31,"column":62}},"13":{"start":{"line":37,"column":22},"end":{"line":58,"column":1}},"14":{"start":{"line":38,"column":2},"end":{"line":57,"column":3}},"15":{"start":{"line":39,"column":20},"end":{"line":43,"column":6}},"16":{"start":{"line":45,"column":25},"end":{"line":50,"column":6}},"17":{"start":{"line":51,"column":4},"end":{"line":51,"column":52}},"18":{"start":{"line":53,"column":4},"end":{"line":53,"column":56}},"19":{"start":{"line":62,"column":20},"end":{"line":81,"column":1}},"20":{"start":{"line":63,"column":2},"end":{"line":80,"column":3}},"21":{"start":{"line":64,"column":20},"end":{"line":66,"column":6}},"22":{"start":{"line":67,"column":4},"end":{"line":74,"column":5}},"23":{"start":{"line":68,"column":6},"end":{"line":70,"column":9}},"24":{"start":{"line":71,"column":6},"end":{"line":73,"column":9}},"25":{"start":{"line":76,"column":4},"end":{"line":76,"column":49}},"26":{"start":{"line":84,"column":19},"end":{"line":101,"column":1}},"27":{"start":{"line":85,"column":2},"end":{"line":100,"column":3}},"28":{"start":{"line":86,"column":17},"end":{"line":93,"column":6}},"29":{"start":{"line":94,"column":4},"end":{"line":94,"column":46}},"30":{"start":{"line":97,"column":4},"end":{"line":99,"column":57}},"31":{"start":{"line":106,"column":30},"end":{"line":157,"column":1}},"32":{"start":{"line":109,"column":2},"end":{"line":118,"column":3}},"33":{"start":{"line":110,"column":4},"end":{"line":110,"column":24}},"34":{"start":{"line":111,"column":4},"end":{"line":111,"column":24}},"35":{"start":{"line":112,"column":9},"end":{"line":118,"column":3}},"36":{"start":{"line":113,"column":4},"end":{"line":113,"column":24}},"37":{"start":{"line":114,"column":4},"end":{"line":114,"column":24}},"38":{"start":{"line":115,"column":9},"end":{"line":118,"column":3}},"39":{"start":{"line":116,"column":4},"end":{"line":116,"column":24}},"40":{"start":{"line":117,"column":4},"end":{"line":117,"column":24}},"41":{"start":{"line":120,"column":2},"end":{"line":156,"column":3}},"42":{"start":{"line":121,"column":21},"end":{"line":143,"column":6}},"43":{"start":{"line":144,"column":33},"end":{"line":149,"column":6}},"44":{"start":{"line":145,"column":6},"end":{"line":148,"column":8}},"45":{"start":{"line":151,"column":4},"end":{"line":151,"column":32}},"46":{"start":{"line":153,"column":4},"end":{"line":155,"column":68}},"47":{"start":{"line":161,"column":0},"end":{"line":169,"column":1}}},"fnMap":{"0":{"name":"(anonymous_0)","decl":{"start":{"line":6,"column":20},"end":{"line":6,"column":21}},"loc":{"start":{"line":6,"column":35},"end":{"line":17,"column":1}},"line":6},"1":{"name":"(anonymous_1)","decl":{"start":{"line":21,"column":24},"end":{"line":21,"column":25}},"loc":{"start":{"line":21,"column":42},"end":{"line":33,"column":1}},"line":21},"2":{"name":"(anonymous_2)","decl":{"start":{"line":37,"column":22},"end":{"line":37,"column":23}},"loc":{"start":{"line":37,"column":64},"end":{"line":58,"column":1}},"line":37},"3":{"name":"(anonymous_3)","decl":{"start":{"line":62,"column":20},"end":{"line":62,"column":21}},"loc":{"start":{"line":62,"column":67},"end":{"line":81,"column":1}},"line":62},"4":{"name":"(anonymous_4)","decl":{"start":{"line":84,"column":19},"end":{"line":84,"column":20}},"loc":{"start":{"line":84,"column":37},"end":{"line":101,"column":1}},"line":84},"5":{"name":"(anonymous_5)","decl":{"start":{"line":106,"column":30},"end":{"line":106,"column":31}},"loc":{"start":{"line":106,"column":54},"end":{"line":157,"column":1}},"line":106},"6":{"name":"(anonymous_6)","decl":{"start":{"line":144,"column":46},"end":{"line":144,"column":47}},"loc":{"start":{"line":144,"column":59},"end":{"line":149,"column":5}},"line":144}},"branchMap":{"0":{"loc":{"start":{"line":67,"column":4},"end":{"line":74,"column":5}},"type":"if","locations":[{"start":{"line":67,"column":4},"end":{"line":74,"column":5}},{"start":{},"end":{}}],"line":67},"1":{"loc":{"start":{"line":109,"column":2},"end":{"line":118,"column":3}},"type":"if","locations":[{"start":{"line":109,"column":2},"end":{"line":118,"column":3}},{"start":{"line":112,"column":9},"end":{"line":118,"column":3}}],"line":109},"2":{"loc":{"start":{"line":112,"column":9},"end":{"line":118,"column":3}},"type":"if","locations":[{"start":{"line":112,"column":9},"end":{"line":118,"column":3}},{"start":{"line":115,"column":9},"end":{"line":118,"column":3}}],"line":112},"3":{"loc":{"start":{"line":115,"column":9},"end":{"line":118,"column":3}},"type":"if","locations":[{"start":{"line":115,"column":9},"end":{"line":118,"column":3}},{"start":{},"end":{}}],"line":115}},"s":{"0":1,"1":1,"2":1,"3":1,"4":1,"5":1,"6":1,"7":0,"8":1,"9":3,"10":3,"11":2,"12":1,"13":1,"14":4,"15":4,"16":0,"17":0,"18":4,"19":1,"20":4,"21":4,"22":3,"23":0,"24":0,"25":1,"26":1,"27":2,"28":2,"29":2,"30":0,"31":1,"32":3,"33":1,"34":1,"35":2,"36":1,"37":1,"38":1,"39":1,"40":1,"41":3,"42":3,"43":3,"44":0,"45":3,"46":0,"47":1},"f":{"0":1,"1":3,"2":4,"3":4,"4":2,"5":3,"6":0},"b":{"0":[0,3],"1":[1,2],"2":[1,1],"3":[1,0]},"_coverageSchema":"1a1c01bbd47fc00a2c39e90264f33305004495a9","hash":"00586258608853969faa4a5ec4b3352445abe071"}
,"C:\\Users\\Hp\\Desktop\\New folder (2)\\nod2\\models\\db-details.js": {"path":"C:\\Users\\Hp\\Desktop\\New folder (2)\\nod2\\models\\db-details.js","statementMap":{"0":{"start":{"line":1,"column":22},"end":{"line":1,"column":46}},"1":{"start":{"line":2,"column":33},"end":{"line":2,"column":53}},"2":{"start":{"line":4,"column":24},"end":{"line":26,"column":2}},"3":{"start":{"line":28,"column":14},"end":{"line":59,"column":1}},"4":{"start":{"line":60,"column":0},"end":{"line":66,"column":6}},"5":{"start":{"line":68,"column":0},"end":{"line":68,"column":17}},"6":{"start":{"line":69,"column":0},"end":{"line":72,"column":2}}},"fnMap":{},"branchMap":{},"s":{"0":1,"1":1,"2":1,"3":1,"4":1,"5":1,"6":1},"f":{},"b":{},"_coverageSchema":"1a1c01bbd47fc00a2c39e90264f33305004495a9","hash":"2fd088828bf1414bc39ae00310c017d5ad9d48a9"}
,"C:\\Users\\Hp\\Desktop\\New folder (2)\\nod2\\responseHandler.js\\response.js": {"path":"C:\\Users\\Hp\\Desktop\\New folder (2)\\nod2\\responseHandler.js\\response.js","statementMap":{"0":{"start":{"line":1,"column":16},"end":{"line":1,"column":34}},"1":{"start":{"line":2,"column":12},"end":{"line":2,"column":21}},"2":{"start":{"line":3,"column":16},"end":{"line":3,"column":43}},"3":{"start":{"line":5,"column":0},"end":{"line":5,"column":23}},"4":{"start":{"line":6,"column":21},"end":{"line":23,"column":1}},"5":{"start":{"line":7,"column":17},"end":{"line":7,"column":44}},"6":{"start":{"line":8,"column":4},"end":{"line":20,"column":5}},"7":{"start":{"line":9,"column":8},"end":{"line":13,"column":9}},"8":{"start":{"line":16,"column":8},"end":{"line":19,"column":9}},"9":{"start":{"line":21,"column":4},"end":{"line":21,"column":21}},"10":{"start":{"line":24,"column":15},"end":{"line":47,"column":1}},"11":{"start":{"line":25,"column":15},"end":{"line":25,"column":27}},"12":{"start":{"line":26,"column":4},"end":{"line":45,"column":5}},"13":{"start":{"line":27,"column":21},"end":{"line":27,"column":54}},"14":{"start":{"line":28,"column":8},"end":{"line":39,"column":9}},"15":{"start":{"line":29,"column":12},"end":{"line":33,"column":13}},"16":{"start":{"line":36,"column":12},"end":{"line":38,"column":13}},"17":{"start":{"line":40,"column":8},"end":{"line":40,"column":25}},"18":{"start":{"line":42,"column":7},"end":{"line":44,"column":69}},"19":{"start":{"line":48,"column":15},"end":{"line":86,"column":1}},"20":{"start":{"line":49,"column":43},"end":{"line":49,"column":51}},"21":{"start":{"line":50,"column":4},"end":{"line":85,"column":5}},"22":{"start":{"line":51,"column":8},"end":{"line":51,"column":63}},"23":{"start":{"line":52,"column":8},"end":{"line":62,"column":9}},"24":{"start":{"line":53,"column":12},"end":{"line":61,"column":15}},"25":{"start":{"line":63,"column":8},"end":{"line":67,"column":9}},"26":{"start":{"line":64,"column":12},"end":{"line":66,"column":15}},"27":{"start":{"line":68,"column":8},"end":{"line":72,"column":9}},"28":{"start":{"line":69,"column":12},"end":{"line":71,"column":15}},"29":{"start":{"line":73,"column":8},"end":{"line":77,"column":9}},"30":{"start":{"line":74,"column":12},"end":{"line":76,"column":15}},"31":{"start":{"line":82,"column":8},"end":{"line":84,"column":69}},"32":{"start":{"line":88,"column":16},"end":{"line":113,"column":1}},"33":{"start":{"line":90,"column":15},"end":{"line":90,"column":27}},"34":{"start":{"line":91,"column":4},"end":{"line":111,"column":5}},"35":{"start":{"line":92,"column":21},"end":{"line":92,"column":49}},"36":{"start":{"line":93,"column":8},"end":{"line":106,"column":9}},"37":{"start":{"line":94,"column":12},"end":{"line":98,"column":13}},"38":{"start":{"line":101,"column":12},"end":{"line":105,"column":13}},"39":{"start":{"line":108,"column":7},"end":{"line":110,"column":69}},"40":{"start":{"line":112,"column":4},"end":{"line":112,"column":20}},"41":{"start":{"line":115,"column":22},"end":{"line":141,"column":1}},"42":{"start":{"line":116,"column":48},"end":{"line":116,"column":56}},"43":{"start":{"line":117,"column":4},"end":{"line":140,"column":5}},"44":{"start":{"line":118,"column":8},"end":{"line":118,"column":67}},"45":{"start":{"line":119,"column":8},"end":{"line":119,"column":117}},"46":{"start":{"line":119,"column":51},"end":{"line":119,"column":115}},"47":{"start":{"line":120,"column":8},"end":{"line":124,"column":9}},"48":{"start":{"line":121,"column":12},"end":{"line":123,"column":15}},"49":{"start":{"line":125,"column":8},"end":{"line":129,"column":9}},"50":{"start":{"line":126,"column":12},"end":{"line":128,"column":15}},"51":{"start":{"line":130,"column":8},"end":{"line":134,"column":9}},"52":{"start":{"line":131,"column":12},"end":{"line":133,"column":15}},"53":{"start":{"line":137,"column":7},"end":{"line":139,"column":69}},"54":{"start":{"line":143,"column":17},"end":{"line":171,"column":1}},"55":{"start":{"line":144,"column":4},"end":{"line":170,"column":5}},"56":{"start":{"line":145,"column":27},"end":{"line":145,"column":60}},"57":{"start":{"line":146,"column":28},"end":{"line":146,"column":30}},"58":{"start":{"line":148,"column":8},"end":{"line":151,"column":9}},"59":{"start":{"line":149,"column":29},"end":{"line":149,"column":74}},"60":{"start":{"line":150,"column":12},"end":{"line":150,"column":45}},"61":{"start":{"line":153,"column":24},"end":{"line":153,"column":93}},"62":{"start":{"line":153,"column":71},"end":{"line":153,"column":92}},"63":{"start":{"line":154,"column":8},"end":{"line":159,"column":9}},"64":{"start":{"line":155,"column":12},"end":{"line":158,"column":15}},"65":{"start":{"line":161,"column":8},"end":{"line":165,"column":11}},"66":{"start":{"line":167,"column":7},"end":{"line":169,"column":71}},"67":{"start":{"line":173,"column":0},"end":{"line":180,"column":2}}},"fnMap":{"0":{"name":"(anonymous_0)","decl":{"start":{"line":6,"column":21},"end":{"line":6,"column":22}},"loc":{"start":{"line":6,"column":41},"end":{"line":23,"column":1}},"line":6},"1":{"name":"(anonymous_1)","decl":{"start":{"line":24,"column":15},"end":{"line":24,"column":16}},"loc":{"start":{"line":24,"column":35},"end":{"line":47,"column":1}},"line":24},"2":{"name":"(anonymous_2)","decl":{"start":{"line":48,"column":15},"end":{"line":48,"column":16}},"loc":{"start":{"line":48,"column":35},"end":{"line":86,"column":1}},"line":48},"3":{"name":"(anonymous_3)","decl":{"start":{"line":88,"column":16},"end":{"line":88,"column":17}},"loc":{"start":{"line":88,"column":36},"end":{"line":113,"column":1}},"line":88},"4":{"name":"(anonymous_4)","decl":{"start":{"line":115,"column":22},"end":{"line":115,"column":23}},"loc":{"start":{"line":115,"column":42},"end":{"line":141,"column":1}},"line":115},"5":{"name":"(anonymous_5)","decl":{"start":{"line":143,"column":17},"end":{"line":143,"column":18}},"loc":{"start":{"line":143,"column":37},"end":{"line":171,"column":1}},"line":143},"6":{"name":"(anonymous_6)","decl":{"start":{"line":153,"column":57},"end":{"line":153,"column":58}},"loc":{"start":{"line":153,"column":71},"end":{"line":153,"column":92}},"line":153}},"branchMap":{"0":{"loc":{"start":{"line":8,"column":4},"end":{"line":20,"column":5}},"type":"if","locations":[{"start":{"line":8,"column":4},"end":{"line":20,"column":5}},{"start":{"line":15,"column":9},"end":{"line":20,"column":5}}],"line":8},"1":{"loc":{"start":{"line":8,"column":8},"end":{"line":8,"column":35}},"type":"binary-expr","locations":[{"start":{"line":8,"column":8},"end":{"line":8,"column":14}},{"start":{"line":8,"column":18},"end":{"line":8,"column":35}}],"line":8},"2":{"loc":{"start":{"line":28,"column":8},"end":{"line":39,"column":9}},"type":"if","locations":[{"start":{"line":28,"column":8},"end":{"line":39,"column":9}},{"start":{"line":35,"column":13},"end":{"line":39,"column":9}}],"line":28},"3":{"loc":{"start":{"line":52,"column":8},"end":{"line":62,"column":9}},"type":"if","locations":[{"start":{"line":52,"column":8},"end":{"line":62,"column":9}},{"start":{},"end":{}}],"line":52},"4":{"loc":{"start":{"line":52,"column":12},"end":{"line":52,"column":35}},"type":"binary-expr","locations":[{"start":{"line":52,"column":12},"end":{"line":52,"column":17}},{"start":{"line":52,"column":21},"end":{"line":52,"column":26}},{"start":{"line":52,"column":30},"end":{"line":52,"column":35}}],"line":52},"5":{"loc":{"start":{"line":63,"column":8},"end":{"line":67,"column":9}},"type":"if","locations":[{"start":{"line":63,"column":8},"end":{"line":67,"column":9}},{"start":{},"end":{}}],"line":63},"6":{"loc":{"start":{"line":68,"column":8},"end":{"line":72,"column":9}},"type":"if","locations":[{"start":{"line":68,"column":8},"end":{"line":72,"column":9}},{"start":{},"end":{}}],"line":68},"7":{"loc":{"start":{"line":73,"column":8},"end":{"line":77,"column":9}},"type":"if","locations":[{"start":{"line":73,"column":8},"end":{"line":77,"column":9}},{"start":{},"end":{}}],"line":73},"8":{"loc":{"start":{"line":93,"column":8},"end":{"line":106,"column":9}},"type":"if","locations":[{"start":{"line":93,"column":8},"end":{"line":106,"column":9}},{"start":{"line":100,"column":13},"end":{"line":106,"column":9}}],"line":93},"9":{"loc":{"start":{"line":119,"column":8},"end":{"line":119,"column":117}},"type":"if","locations":[{"start":{"line":119,"column":8},"end":{"line":119,"column":117}},{"start":{},"end":{}}],"line":119},"10":{"loc":{"start":{"line":119,"column":12},"end":{"line":119,"column":47}},"type":"binary-expr","locations":[{"start":{"line":119,"column":12},"end":{"line":119,"column":17}},{"start":{"line":119,"column":21},"end":{"line":119,"column":33}},{"start":{"line":119,"column":37},"end":{"line":119,"column":47}}],"line":119},"11":{"loc":{"start":{"line":120,"column":8},"end":{"line":124,"column":9}},"type":"if","locations":[{"start":{"line":120,"column":8},"end":{"line":124,"column":9}},{"start":{},"end":{}}],"line":120},"12":{"loc":{"start":{"line":125,"column":8},"end":{"line":129,"column":9}},"type":"if","locations":[{"start":{"line":125,"column":8},"end":{"line":129,"column":9}},{"start":{},"end":{}}],"line":125},"13":{"loc":{"start":{"line":130,"column":8},"end":{"line":134,"column":9}},"type":"if","locations":[{"start":{"line":130,"column":8},"end":{"line":134,"column":9}},{"start":{},"end":{}}],"line":130},"14":{"loc":{"start":{"line":154,"column":8},"end":{"line":159,"column":9}},"type":"if","locations":[{"start":{"line":154,"column":8},"end":{"line":159,"column":9}},{"start":{},"end":{}}],"line":154}},"s":{"0":1,"1":1,"2":1,"3":1,"4":1,"5":2,"6":2,"7":0,"8":2,"9":2,"10":1,"11":3,"12":3,"13":3,"14":2,"15":0,"16":2,"17":2,"18":1,"19":1,"20":4,"21":4,"22":4,"23":4,"24":1,"25":4,"26":1,"27":4,"28":1,"29":4,"30":1,"31":0,"32":1,"33":2,"34":2,"35":2,"36":2,"37":0,"38":2,"39":0,"40":2,"41":1,"42":4,"43":4,"44":4,"45":4,"46":1,"47":4,"48":1,"49":4,"50":1,"51":4,"52":1,"53":0,"54":1,"55":2,"56":2,"57":2,"58":2,"59":6,"60":6,"61":2,"62":6,"63":2,"64":2,"65":0,"66":0,"67":1},"f":{"0":2,"1":3,"2":4,"3":2,"4":4,"5":2,"6":6},"b":{"0":[0,2],"1":[2,2],"2":[0,2],"3":[1,3],"4":[4,3,2],"5":[1,3],"6":[1,3],"7":[1,3],"8":[0,2],"9":[1,3],"10":[4,3,2],"11":[1,3],"12":[1,3],"13":[1,3],"14":[2,0]},"_coverageSchema":"1a1c01bbd47fc00a2c39e90264f33305004495a9","hash":"43009e04fdb552397ab2ed8b6cc0fedbde4d8af3"}
}
