TN:
SF:db-connect.js
FN:13,(anonymous_0)
FN:16,(anonymous_1)
FNF:2
FNH:1
FNDA:1,(anonymous_0)
FNDA:0,(anonymous_1)
DA:1,1
DA:3,1
DA:11,1
DA:14,1
DA:17,0
DA:20,1
LF:6
LH:5
BRF:0
BRH:0
end_of_record
TN:
SF:index.js
FNF:0
FNH:0
DA:1,1
DA:2,1
DA:3,1
DA:5,1
DA:6,1
DA:12,1
LF:6
LH:6
BRF:0
BRH:0
end_of_record
TN:
SF:controller\route.js
FNF:0
FNH:0
DA:1,1
DA:2,1
DA:3,1
DA:6,1
DA:7,1
DA:8,1
DA:9,1
DA:10,1
DA:11,1
DA:13,1
LF:10
LH:10
BRF:0
BRH:0
end_of_record
TN:
SF:dao\operation.js
FN:6,(anonymous_0)
FN:21,(anonymous_1)
FN:37,(anonymous_2)
FN:62,(anonymous_3)
FN:84,(anonymous_4)
FN:106,(anonymous_5)
FN:144,(anonymous_6)
FNF:7
FNH:6
FNDA:1,(anonymous_0)
FNDA:3,(anonymous_1)
FNDA:4,(anonymous_2)
FNDA:4,(anonymous_3)
FNDA:2,(anonymous_4)
FNDA:3,(anonymous_5)
FNDA:0,(anonymous_6)
DA:1,1
DA:2,1
DA:3,1
DA:6,1
DA:7,1
DA:8,1
DA:11,1
DA:13,0
DA:21,1
DA:22,3
DA:23,3
DA:27,2
DA:29,1
DA:37,1
DA:38,4
DA:39,4
DA:45,0
DA:51,0
DA:53,4
DA:62,1
DA:63,4
DA:64,4
DA:67,3
DA:68,0
DA:71,0
DA:76,1
DA:84,1
DA:85,2
DA:86,2
DA:94,2
DA:97,0
DA:106,1
DA:109,3
DA:110,1
DA:111,1
DA:112,2
DA:113,1
DA:114,1
DA:115,1
DA:116,1
DA:117,1
DA:120,3
DA:121,3
DA:144,3
DA:145,0
DA:151,3
DA:153,0
DA:161,1
LF:48
LH:40
BRDA:67,0,0,0
BRDA:67,0,1,3
BRDA:109,1,0,1
BRDA:109,1,1,2
BRDA:112,2,0,1
BRDA:112,2,1,1
BRDA:115,3,0,1
BRDA:115,3,1,0
BRF:8
BRH:6
end_of_record
TN:
SF:models\db-details.js
FNF:0
FNH:0
DA:1,1
DA:2,1
DA:4,1
DA:28,1
DA:60,1
DA:68,1
DA:69,1
LF:7
LH:7
BRF:0
BRH:0
end_of_record
TN:
SF:responseHandler.js\response.js
FN:6,(anonymous_0)
FN:24,(anonymous_1)
FN:48,(anonymous_2)
FN:88,(anonymous_3)
FN:115,(anonymous_4)
FN:143,(anonymous_5)
FN:153,(anonymous_6)
FNF:7
FNH:7
FNDA:2,(anonymous_0)
FNDA:3,(anonymous_1)
FNDA:4,(anonymous_2)
FNDA:2,(anonymous_3)
FNDA:4,(anonymous_4)
FNDA:2,(anonymous_5)
FNDA:6,(anonymous_6)
DA:1,1
DA:2,1
DA:3,1
DA:5,1
DA:6,1
DA:7,2
DA:8,2
DA:9,0
DA:16,2
DA:21,2
DA:24,1
DA:25,3
DA:26,3
DA:27,3
DA:28,2
DA:29,0
DA:36,2
DA:40,2
DA:42,1
DA:48,1
DA:49,4
DA:50,4
DA:51,4
DA:52,4
DA:53,1
DA:63,4
DA:64,1
DA:68,4
DA:69,1
DA:73,4
DA:74,1
DA:82,0
DA:88,1
DA:90,2
DA:91,2
DA:92,2
DA:93,2
DA:94,0
DA:101,2
DA:108,0
DA:112,2
DA:115,1
DA:116,4
DA:117,4
DA:118,4
DA:119,4
DA:120,4
DA:121,1
DA:125,4
DA:126,1
DA:130,4
DA:131,1
DA:137,0
DA:143,1
DA:144,2
DA:145,2
DA:146,2
DA:148,2
DA:149,6
DA:150,6
DA:153,6
DA:154,2
DA:155,2
DA:161,0
DA:167,0
DA:173,1
LF:66
LH:58
BRDA:8,0,0,0
BRDA:8,0,1,2
BRDA:8,1,0,2
BRDA:8,1,1,2
BRDA:28,2,0,0
BRDA:28,2,1,2
BRDA:52,3,0,1
BRDA:52,3,1,3
BRDA:52,4,0,4
BRDA:52,4,1,3
BRDA:52,4,2,2
BRDA:63,5,0,1
BRDA:63,5,1,3
BRDA:68,6,0,1
BRDA:68,6,1,3
BRDA:73,7,0,1
BRDA:73,7,1,3
BRDA:93,8,0,0
BRDA:93,8,1,2
BRDA:119,9,0,1
BRDA:119,9,1,3
BRDA:119,10,0,4
BRDA:119,10,1,3
BRDA:119,10,2,2
BRDA:120,11,0,1
BRDA:120,11,1,3
BRDA:125,12,0,1
BRDA:125,12,1,3
BRDA:130,13,0,1
BRDA:130,13,1,3
BRDA:154,14,0,2
BRDA:154,14,1,0
BRF:32
BRH:28
end_of_record
